{"C:\\Users\\Valued Customer\\Desktop\\DWA\\Dynamic API\\modules\\generator.js":{"path":"C:\\Users\\Valued Customer\\Desktop\\DWA\\Dynamic API\\modules\\generator.js","s":{"1":1,"2":1,"3":1,"4":1,"5":1,"6":8,"7":1,"8":2,"9":2,"10":8,"11":1,"12":1,"13":0,"14":1,"15":1},"b":{"1":[0,1],"2":[1,1]},"f":{"1":8,"2":2},"fnMap":{"1":{"name":"execute","line":34,"loc":{"start":{"line":34,"column":2},"end":{"line":34,"column":21}}},"2":{"name":"generate","line":39,"loc":{"start":{"line":39,"column":2},"end":{"line":39,"column":22}}}},"statementMap":{"1":{"start":{"line":25,"column":0},"end":{"line":25,"column":44}},"2":{"start":{"line":28,"column":0},"end":{"line":68,"column":2}},"3":{"start":{"line":30,"column":2},"end":{"line":30,"column":18}},"4":{"start":{"line":32,"column":2},"end":{"line":32,"column":82}},"5":{"start":{"line":34,"column":2},"end":{"line":37,"column":3}},"6":{"start":{"line":36,"column":4},"end":{"line":36,"column":59}},"7":{"start":{"line":39,"column":2},"end":{"line":48,"column":3}},"8":{"start":{"line":41,"column":4},"end":{"line":41,"column":16}},"9":{"start":{"line":44,"column":4},"end":{"line":47,"column":5}},"10":{"start":{"line":46,"column":6},"end":{"line":46,"column":41}},"11":{"start":{"line":51,"column":2},"end":{"line":51,"column":13}},"12":{"start":{"line":54,"column":2},"end":{"line":57,"column":3}},"13":{"start":{"line":56,"column":4},"end":{"line":56,"column":15}},"14":{"start":{"line":60,"column":2},"end":{"line":64,"column":4}},"15":{"start":{"line":67,"column":2},"end":{"line":67,"column":13}}},"branchMap":{"1":{"line":54,"type":"if","locations":[{"start":{"line":54,"column":2},"end":{"line":54,"column":2}},{"start":{"line":54,"column":2},"end":{"line":54,"column":2}}]},"2":{"line":54,"type":"binary-expr","locations":[{"start":{"line":54,"column":6},"end":{"line":54,"column":23}},{"start":{"line":54,"column":27},"end":{"line":54,"column":46}}]}}},"C:\\Users\\Valued Customer\\Desktop\\DWA\\Dynamic API\\development.js":{"path":"C:\\Users\\Valued Customer\\Desktop\\DWA\\Dynamic API\\development.js","s":{"1":1,"2":1},"b":{},"f":{},"fnMap":{},"statementMap":{"1":{"start":{"line":14,"column":0},"end":{"line":26,"column":1}},"2":{"start":{"line":29,"column":0},"end":{"line":29,"column":21}}},"branchMap":{}},"C:\\Users\\Valued Customer\\Desktop\\DWA\\Dynamic API\\modules\\log.js":{"path":"C:\\Users\\Valued Customer\\Desktop\\DWA\\Dynamic API\\modules\\log.js","s":{"1":1,"2":1,"3":1,"4":0,"5":0,"6":0,"7":0,"8":0,"9":1,"10":1,"11":1,"12":0,"13":1},"b":{"1":[0,0],"2":[0,0],"3":[1,0]},"f":{"1":0},"fnMap":{"1":{"name":"myLog","line":30,"loc":{"start":{"line":30,"column":18},"end":{"line":30,"column":42}}}},"statementMap":{"1":{"start":{"line":20,"column":0},"end":{"line":20,"column":25}},"2":{"start":{"line":23,"column":0},"end":{"line":23,"column":15}},"3":{"start":{"line":26,"column":0},"end":{"line":38,"column":2}},"4":{"start":{"line":28,"column":2},"end":{"line":37,"column":3}},"5":{"start":{"line":30,"column":4},"end":{"line":36,"column":6}},"6":{"start":{"line":32,"column":6},"end":{"line":35,"column":9}},"7":{"start":{"line":34,"column":8},"end":{"line":34,"column":27}},"8":{"start":{"line":34,"column":17},"end":{"line":34,"column":27}},"9":{"start":{"line":41,"column":0},"end":{"line":54,"column":2}},"10":{"start":{"line":44,"column":4},"end":{"line":52,"column":5}},"11":{"start":{"line":46,"column":8},"end":{"line":46,"column":20}},"12":{"start":{"line":50,"column":8},"end":{"line":50,"column":21}},"13":{"start":{"line":57,"column":0},"end":{"line":57,"column":21}}},"branchMap":{"1":{"line":28,"type":"if","locations":[{"start":{"line":28,"column":2},"end":{"line":28,"column":2}},{"start":{"line":28,"column":2},"end":{"line":28,"column":2}}]},"2":{"line":34,"type":"if","locations":[{"start":{"line":34,"column":8},"end":{"line":34,"column":8}},{"start":{"line":34,"column":8},"end":{"line":34,"column":8}}]},"3":{"line":44,"type":"if","locations":[{"start":{"line":44,"column":4},"end":{"line":44,"column":4}},{"start":{"line":44,"column":4},"end":{"line":44,"column":4}}]}}}}