TN:
SF:C:\Users\Valued Customer\Desktop\DWA\Dynamic API\modules\generator.js
FN:34,execute
FN:39,generate
FNF:2
FNH:2
FNDA:8,execute
FNDA:2,generate
DA:25,1
DA:28,1
DA:30,1
DA:32,1
DA:34,1
DA:36,8
DA:39,1
DA:41,2
DA:44,2
DA:46,8
DA:51,1
DA:54,1
DA:56,0
DA:60,1
DA:67,1
LF:15
LH:14
BRDA:54,1,0,0
BRDA:54,1,1,1
BRDA:54,2,0,1
BRDA:54,2,1,1
BRF:4
BRH:3
end_of_record
TN:
SF:C:\Users\Valued Customer\Desktop\Desktop\DWA\Dynamic API\development.js
FNF:0
FNH:0
DA:14,1
DA:29,1
LF:2
LH:2
BRF:0
BRH:0
end_of_record
TN:
SF:C:\Users\Valued Customer\Desktop\DWA\Dynamic API\modules\log.js
FN:30,myLog
FNF:1
FNH:0
FNDA:0,myLog
DA:20,1
DA:23,1
DA:26,1
DA:28,0
DA:30,0
DA:32,0
DA:34,0
DA:41,1
DA:44,1
DA:46,1
DA:50,0
DA:57,1
LF:12
LH:7
BRDA:28,1,0,0
BRDA:28,1,1,0
BRDA:34,2,0,0
BRDA:34,2,1,0
BRDA:44,3,0,1
BRDA:44,3,1,0
BRF:6
BRH:1
end_of_record
